::1 - - [26/Sep/2025:09:35:58 +0000] "GET / HTTP/1.1" 404 80 "-" "Mozilla/5.0 (Windows NT 10.0; Win64; x64) AppleWebKit/537.36 (KHTML, like Gecko) Chrome/140.0.0.0 Safari/537.36"
::1 - - [26/Sep/2025:09:35:58 +0000] "GET /favicon.ico HTTP/1.1" 404 91 "-" "Mozilla/5.0 (Windows NT 10.0; Win64; x64) AppleWebKit/537.36 (KHTML, like Gecko) Chrome/140.0.0.0 Safari/537.36"
::1 - - [26/Sep/2025:09:36:36 +0000] "GET /api/system/status HTTP/1.1" 200 54 "-" "Mozilla/5.0 (Windows NT 10.0; Win64; x64) AppleWebKit/537.36 (KHTML, like Gecko) Chrome/140.0.0.0 Safari/537.36"
::1 - - [26/Sep/2025:09:36:55 +0000] "GET /api/system/info HTTP/1.1" 200 97 "-" "Mozilla/5.0 (Windows NT 10.0; Win64; x64) AppleWebKit/537.36 (KHTML, like Gecko) Chrome/140.0.0.0 Safari/537.36"
::1 - - [26/Sep/2025:09:38:57 +0000] "GET /api/system/status HTTP/1.1" 200 54 "-" "FlexiEVChain-Postman-Collection/1.0"
::1 - - [26/Sep/2025:09:38:57 +0000] "GET /api/system/info HTTP/1.1" 200 97 "-" "FlexiEVChain-Postman-Collection/1.0"
::1 - - [26/Sep/2025:09:38:58 +0000] "POST /api/users/register HTTP/1.1" 422 227 "-" "FlexiEVChain-Postman-Collection/1.0"
::1 - - [26/Sep/2025:09:41:40 +0000] "POST /api/users/register HTTP/1.1" 201 184 "-" "FlexiEVChain-Postman-Collection/1.0"
::1 - - [26/Sep/2025:09:42:22 +0000] "POST /api/users/login HTTP/1.1" 200 396 "-" "FlexiEVChain-Postman-Collection/1.0"
::1 - - [26/Sep/2025:09:42:31 +0000] "GET /api/users/profile HTTP/1.1" 400 33 "-" "FlexiEVChain-Postman-Collection/1.0"
::1 - - [26/Sep/2025:09:43:15 +0000] "POST /api/vehicles HTTP/1.1" 404 92 "-" "FlexiEVChain-Postman-Collection/1.0"
::1 - - [26/Sep/2025:09:43:52 +0000] "GET /api/vehicles HTTP/1.1" 404 92 "-" "FlexiEVChain-Postman-Collection/1.0"
::1 - - [26/Sep/2025:09:44:16 +0000] "GET /api/system/status HTTP/1.1" 200 54 "-" "-"
::1 - - [26/Sep/2025:09:44:19 +0000] "POST /api/users/register HTTP/1.1" 201 186 "-" "-"
::1 - - [26/Sep/2025:09:44:19 +0000] "POST /api/users/login HTTP/1.1" 200 398 "-" "-"
::1 - - [26/Sep/2025:09:58:16 +0000] "GET /api/vehicles HTTP/1.1" 200 2 "-" "FlexiEVChain-Postman-Collection/1.0"
::1 - - [26/Sep/2025:09:58:26 +0000] "POST /api/vehicles HTTP/1.1" 201 240 "-" "FlexiEVChain-Postman-Collection/1.0"
::1 - - [26/Sep/2025:09:58:33 +0000] "GET /api/vehicles HTTP/1.1" 200 242 "-" "FlexiEVChain-Postman-Collection/1.0"
::1 - - [26/Sep/2025:10:00:39 +0000] "GET /api/health HTTP/1.1" 200 54 "-" "Mozilla/5.0 (Windows NT; Windows NT 10.0; en-IN) WindowsPowerShell/5.1.26100.6584"
::1 - - [26/Sep/2025:12:12:59 +0000] "GET /api/system/status HTTP/1.1" 200 54 "-" "FlexiEVChain-Postman-Collection/1.0"
::1 - - [26/Sep/2025:12:13:25 +0000] "GET /api/vehicles/YOUR_VEHICLE_ID_HERE HTTP/1.1" 401 91 "-" "FlexiEVChain-Postman-Collection/1.0"
::1 - - [26/Sep/2025:12:13:30 +0000] "GET /api/vehicles HTTP/1.1" 401 91 "-" "FlexiEVChain-Postman-Collection/1.0"
::1 - - [26/Sep/2025:12:13:41 +0000] "POST /api/users/login HTTP/1.1" 200 396 "-" "FlexiEVChain-Postman-Collection/1.0"
::1 - - [26/Sep/2025:12:13:45 +0000] "GET /api/vehicles HTTP/1.1" 200 242 "-" "FlexiEVChain-Postman-Collection/1.0"
::1 - - [26/Sep/2025:13:07:57 +0000] "POST /api/users/login HTTP/1.1" 200 396 "-" "FlexiEVChain-Postman-Collection/1.0"
::1 - - [26/Sep/2025:13:11:04 +0000] "GET /api/vehicles/YOUR_VEHICLE_ID_HERE HTTP/1.1" 400 81 "-" "FlexiEVChain-Postman-Collection/1.0"
::1 - - [26/Sep/2025:13:11:09 +0000] "POST /api/vehicles HTTP/1.1" 409 99 "-" "FlexiEVChain-Postman-Collection/1.0"
::1 - - [26/Sep/2025:13:13:44 +0000] "GET /api/system/status HTTP/1.1" 200 54 "-" "FlexiEVChain-Postman-Collection/1.0"
::1 - - [26/Sep/2025:13:13:50 +0000] "GET /api/system/info HTTP/1.1" 200 104 "-" "FlexiEVChain-Postman-Collection/1.0"
::1 - - [26/Sep/2025:13:13:54 +0000] "POST /api/users/register HTTP/1.1" 500 84 "-" "FlexiEVChain-Postman-Collection/1.0"
::1 - - [26/Sep/2025:13:14:05 +0000] "POST /api/users/register HTTP/1.1" 201 181 "-" "FlexiEVChain-Postman-Collection/1.0"
::1 - - [26/Sep/2025:13:14:14 +0000] "POST /api/users/register HTTP/1.1" 500 84 "-" "FlexiEVChain-Postman-Collection/1.0"
::1 - - [26/Sep/2025:13:16:43 +0000] "POST /api/users/register HTTP/1.1" 409 87 "-" "FlexiEVChain-Postman-Collection/1.0"
::1 - - [26/Sep/2025:13:16:47 +0000] "POST /api/users/register HTTP/1.1" 409 87 "-" "FlexiEVChain-Postman-Collection/1.0"
::1 - - [26/Sep/2025:13:16:48 +0000] "POST /api/users/register HTTP/1.1" 409 87 "-" "FlexiEVChain-Postman-Collection/1.0"
::1 - - [26/Sep/2025:13:17:28 +0000] "POST /api/users/register HTTP/1.1" 409 87 "-" "FlexiEVChain-Postman-Collection/1.0"
::1 - - [26/Sep/2025:13:20:17 +0000] "POST /api/users/login HTTP/1.1" 200 393 "-" "FlexiEVChain-Postman-Collection/1.0"
::1 - - [26/Sep/2025:13:20:25 +0000] "GET /api/users/profile HTTP/1.1" 400 82 "-" "FlexiEVChain-Postman-Collection/1.0"
::1 - - [26/Sep/2025:13:20:47 +0000] "GET /api/users/profile/68d6919d42681883f3d75b7e HTTP/1.1" 404 122 "-" "FlexiEVChain-Postman-Collection/1.0"
::1 - - [26/Sep/2025:13:23:13 +0000] "GET /api/users/profile/68d6919d42681883f3d75b7e HTTP/1.1" 404 122 "-" "FlexiEVChain-Postman-Collection/1.0"
::1 - - [26/Sep/2025:13:23:18 +0000] "GET /api/users/profile HTTP/1.1" 400 82 "-" "FlexiEVChain-Postman-Collection/1.0"
::1 - - [26/Sep/2025:13:24:02 +0000] "GET /api/users/profile/me HTTP/1.1" 404 100 "-" "FlexiEVChain-Postman-Collection/1.0"
::1 - - [26/Sep/2025:13:24:33 +0000] "GET /api/users/profile HTTP/1.1" 400 82 "-" "FlexiEVChain-Postman-Collection/1.0"
::1 - - [26/Sep/2025:13:24:40 +0000] "PUT /api/users/profile HTTP/1.1" 200 84 "-" "FlexiEVChain-Postman-Collection/1.0"
::1 - - [26/Sep/2025:13:24:45 +0000] "PUT /api/users/profile HTTP/1.1" 200 84 "-" "FlexiEVChain-Postman-Collection/1.0"
::1 - - [26/Sep/2025:13:27:40 +0000] "GET /api/users/profile HTTP/1.1" 400 82 "-" "FlexiEVChain-Postman-Collection/1.0"
::1 - - [26/Sep/2025:13:27:46 +0000] "PUT /api/users/profile HTTP/1.1" 200 84 "-" "FlexiEVChain-Postman-Collection/1.0"
::1 - - [26/Sep/2025:13:27:52 +0000] "PUT /api/users/profile HTTP/1.1" 200 84 "-" "FlexiEVChain-Postman-Collection/1.0"
::1 - - [26/Sep/2025:13:27:55 +0000] "GET /api/users/profile HTTP/1.1" 400 82 "-" "FlexiEVChain-Postman-Collection/1.0"
::1 - - [26/Sep/2025:13:31:10 +0000] "GET /api/users/profile HTTP/1.1" 400 82 "-" "FlexiEVChain-Postman-Collection/1.0"
::1 - - [26/Sep/2025:13:31:14 +0000] "PUT /api/users/profile HTTP/1.1" 200 84 "-" "FlexiEVChain-Postman-Collection/1.0"
::1 - - [26/Sep/2025:13:31:35 +0000] "PUT /api/users/profile HTTP/1.1" 200 84 "-" "FlexiEVChain-Postman-Collection/1.0"
::1 - - [26/Sep/2025:13:33:08 +0000] "GET /api/health HTTP/1.1" 200 54 "-" "curl/8.14.1"
::1 - - [26/Sep/2025:13:33:34 +0000] "POST /api/users/register HTTP/1.1" 201 234 "-" "FlexiEVChain-UserTest/1.0"
::1 - - [26/Sep/2025:13:33:34 +0000] "POST /api/users/login HTTP/1.1" 200 396 "-" "FlexiEVChain-UserTest/1.0"
::1 - - [26/Sep/2025:13:33:34 +0000] "GET /api/users/profile HTTP/1.1" 200 184 "-" "FlexiEVChain-UserTest/1.0"
::1 - - [26/Sep/2025:13:33:35 +0000] "GET /api/users/profile/68d6962efdc65a8641bdf1a1 HTTP/1.1" 200 184 "-" "FlexiEVChain-UserTest/1.0"
::1 - - [26/Sep/2025:13:33:35 +0000] "PUT /api/users/profile HTTP/1.1" 200 236 "-" "FlexiEVChain-UserTest/1.0"
::1 - - [26/Sep/2025:13:33:36 +0000] "PUT /api/users/profile HTTP/1.1" 200 240 "-" "FlexiEVChain-UserTest/1.0"
::1 - - [26/Sep/2025:13:33:36 +0000] "POST /api/users/login HTTP/1.1" 200 402 "-" "FlexiEVChain-UserTest/1.0"
::1 - - [26/Sep/2025:13:33:36 +0000] "PUT /api/users/profile HTTP/1.1" 400 92 "-" "FlexiEVChain-UserTest/1.0"
::1 - - [26/Sep/2025:13:33:36 +0000] "GET /api/users/profile HTTP/1.1" 401 91 "-" "FlexiEVChain-UserTest/1.0"
::1 - - [26/Sep/2025:13:33:54 +0000] "GET /api/users/profile HTTP/1.1" 200 181 "-" "FlexiEVChain-Postman-Collection/1.0"
::1 - - [26/Sep/2025:13:33:59 +0000] "PUT /api/users/profile HTTP/1.1" 200 233 "-" "FlexiEVChain-Postman-Collection/1.0"
::1 - - [26/Sep/2025:13:34:12 +0000] "POST /api/vehicles HTTP/1.1" 409 99 "-" "FlexiEVChain-Postman-Collection/1.0"
::1 - - [26/Sep/2025:13:34:20 +0000] "GET /api/vehicles HTTP/1.1" 200 2 "-" "FlexiEVChain-Postman-Collection/1.0"
::1 - - [26/Sep/2025:13:34:27 +0000] "GET /api/vehicles/YOUR_VEHICLE_ID_HERE HTTP/1.1" 400 81 "-" "FlexiEVChain-Postman-Collection/1.0"
::1 - - [26/Sep/2025:13:34:40 +0000] "GET /api/vehicles HTTP/1.1" 200 2 "-" "FlexiEVChain-Postman-Collection/1.0"
::1 - - [26/Sep/2025:13:40:38 +0000] "POST /api/battery/log HTTP/1.1" 400 81 "-" "FlexiEVChain-Postman-Collection/1.0"
::1 - - [26/Sep/2025:13:40:45 +0000] "GET /api/battery/YOUR_VEHICLE_ID_HERE/history?limit=50 HTTP/1.1" 400 81 "-" "FlexiEVChain-Postman-Collection/1.0"
::1 - - [26/Sep/2025:13:41:00 +0000] "POST /api/charging/start HTTP/1.1" 422 179 "-" "FlexiEVChain-Postman-Collection/1.0"
::1 - - [26/Sep/2025:13:41:09 +0000] "GET /api/charging/YOUR_VEHICLE_ID_HERE/history HTTP/1.1" 400 81 "-" "FlexiEVChain-Postman-Collection/1.0"
::1 - - [26/Sep/2025:13:41:28 +0000] "GET /api/alerts?status=unread&limit=20 HTTP/1.1" 404 113 "-" "FlexiEVChain-Postman-Collection/1.0"
::1 - - [26/Sep/2025:13:41:36 +0000] "PUT /api/alerts/YOUR_ALERT_ID_HERE HTTP/1.1" 404 109 "-" "FlexiEVChain-Postman-Collection/1.0"
::1 - - [26/Sep/2025:13:41:42 +0000] "GET /api/analytics/summary?timeframe=monthly HTTP/1.1" 404 119 "-" "FlexiEVChain-Postman-Collection/1.0"
::1 - - [26/Sep/2025:13:41:46 +0000] "GET /api/analytics/YOUR_VEHICLE_ID_HERE?period=30d HTTP/1.1" 404 125 "-" "FlexiEVChain-Postman-Collection/1.0"
::1 - - [26/Sep/2025:13:41:53 +0000] "GET /api/blockchain/transactions?type=all&limit=25 HTTP/1.1" 200 79 "-" "FlexiEVChain-Postman-Collection/1.0"
::1 - - [26/Sep/2025:13:41:58 +0000] "GET /api/blockchain/verify/YOUR_TX_ID_HERE HTTP/1.1" 404 117 "-" "FlexiEVChain-Postman-Collection/1.0"
